# JRE version: OpenJDK Runtime Environment (8.0_192-b01) (build 1.8.0_192-b01)
# Java VM: OpenJDK 64-Bit Server VM (25.192-b01 mixed mode windows-amd64 compressed oops)
Heap:
 PSYoungGen      total 18944K, used 7845K [0x000000076b000000, 0x000000076c480000, 0x00000007c0000000)
  eden space 16896K, 39% used [0x000000076b000000,0x000000076b699758,0x000000076c080000)
  from space 2048K, 53% used [0x000000076c280000,0x000000076c390000,0x000000076c480000)
  to   space 2048K, 0% used [0x000000076c080000,0x000000076c080000,0x000000076c280000)
 ParOldGen       total 181248K, used 60830K [0x00000006c1000000, 0x00000006cc100000, 0x000000076b000000)
  object space 181248K, 33% used [0x00000006c1000000,0x00000006c4b67a00,0x00000006cc100000)
 Metaspace       used 63193K, capacity 70214K, committed 70312K, reserved 1110016K
  class space    used 8284K, capacity 9833K, committed 9896K, reserved 1048576K
GC Heap History (10 events):
Event: 101345.082 GC heap before
{Heap before GC invocations=3044 (full 70):
 PSYoungGen      total 18944K, used 17984K [0x000000076b000000, 0x000000076c480000, 0x00000007c0000000)
  eden space 16896K, 100% used [0x000000076b000000,0x000000076c080000,0x000000076c080000)
  from space 2048K, 53% used [0x000000076c080000,0x000000076c190000,0x000000076c280000)
  to   space 2048K, 0% used [0x000000076c280000,0x000000076c280000,0x000000076c480000)
 ParOldGen       total 181248K, used 60830K [0x00000006c1000000, 0x00000006cc100000, 0x000000076b000000)
  object space 181248K, 33% used [0x00000006c1000000,0x00000006c4b67a00,0x00000006cc100000)
 Metaspace       used 63193K, capacity 70214K, committed 70312K, reserved 1110016K
  class space    used 8284K, capacity 9833K, committed 9896K, reserved 1048576K
Event: 101345.086 GC heap after
Heap after GC invocations=3044 (full 70):
 PSYoungGen      total 18944K, used 1216K [0x000000076b000000, 0x000000076c480000, 0x00000007c0000000)
  eden space 16896K, 0% used [0x000000076b000000,0x000000076b000000,0x000000076c080000)
  from space 2048K, 59% used [0x000000076c280000,0x000000076c3b0000,0x000000076c480000)
  to   space 2048K, 0% used [0x000000076c080000,0x000000076c080000,0x000000076c280000)
 ParOldGen       total 181248K, used 60830K [0x00000006c1000000, 0x00000006cc100000, 0x000000076b000000)
  object space 181248K, 33% used [0x00000006c1000000,0x00000006c4b67a00,0x00000006cc100000)
 Metaspace       used 63193K, capacity 70214K, committed 70312K, reserved 1110016K
  class space    used 8284K, capacity 9833K, committed 9896K, reserved 1048576K
}
Event: 101351.358 GC heap before
{Heap before GC invocations=3045 (full 70):
 PSYoungGen      total 18944K, used 18112K [0x000000076b000000, 0x000000076c480000, 0x00000007c0000000)
  eden space 16896K, 100% used [0x000000076b000000,0x000000076c080000,0x000000076c080000)
  from space 2048K, 59% used [0x000000076c280000,0x000000076c3b0000,0x000000076c480000)
  to   space 2048K, 0% used [0x000000076c080000,0x000000076c080000,0x000000076c280000)
 ParOldGen       total 181248K, used 60830K [0x00000006c1000000, 0x00000006cc100000, 0x000000076b000000)
  object space 181248K, 33% used [0x00000006c1000000,0x00000006c4b67a00,0x00000006cc100000)
 Metaspace       used 63193K, capacity 70214K, committed 70312K, reserved 1110016K
  class space    used 8284K, capacity 9833K, committed 9896K, reserved 1048576K
Event: 101351.362 GC heap after
Heap after GC invocations=3045 (full 70):
 PSYoungGen      total 18944K, used 704K [0x000000076b000000, 0x000000076c480000, 0x00000007c0000000)
  eden space 16896K, 0% used [0x000000076b000000,0x000000076b000000,0x000000076c080000)
  from space 2048K, 34% used [0x000000076c080000,0x000000076c130000,0x000000076c280000)
  to   space 2048K, 0% used [0x000000076c280000,0x000000076c280000,0x000000076c480000)
 ParOldGen       total 181248K, used 60830K [0x00000006c1000000, 0x00000006cc100000, 0x000000076b000000)
  object space 181248K, 33% used [0x00000006c1000000,0x00000006c4b67a00,0x00000006cc100000)
 Metaspace       used 63193K, capacity 70214K, committed 70312K, reserved 1110016K
  class space    used 8284K, capacity 9833K, committed 9896K, reserved 1048576K
}
Event: 101358.292 GC heap before
{Heap before GC invocations=3046 (full 70):
 PSYoungGen      total 18944K, used 17600K [0x000000076b000000, 0x000000076c480000, 0x00000007c0000000)
  eden space 16896K, 100% used [0x000000076b000000,0x000000076c080000,0x000000076c080000)
  from space 2048K, 34% used [0x000000076c080000,0x000000076c130000,0x000000076c280000)
  to   space 2048K, 0% used [0x000000076c280000,0x000000076c280000,0x000000076c480000)
 ParOldGen       total 181248K, used 60830K [0x00000006c1000000, 0x00000006cc100000, 0x000000076b000000)
  object space 181248K, 33% used [0x00000006c1000000,0x00000006c4b67a00,0x00000006cc100000)
 Metaspace       used 63193K, capacity 70214K, committed 70312K, reserved 1110016K
  class space    used 8284K, capacity 9833K, committed 9896K, reserved 1048576K
Event: 101358.296 GC heap after
Heap after GC invocations=3046 (full 70):
 PSYoungGen      total 18944K, used 416K [0x000000076b000000, 0x000000076c480000, 0x00000007c0000000)
  eden space 16896K, 0% used [0x000000076b000000,0x000000076b000000,0x000000076c080000)
  from space 2048K, 20% used [0x000000076c280000,0x000000076c2e8000,0x000000076c480000)
  to   space 2048K, 0% used [0x000000076c080000,0x000000076c080000,0x000000076c280000)
 ParOldGen       total 181248K, used 60830K [0x00000006c1000000, 0x00000006cc100000, 0x000000076b000000)
  object space 181248K, 33% used [0x00000006c1000000,0x00000006c4b67a00,0x00000006cc100000)
 Metaspace       used 63193K, capacity 70214K, committed 70312K, reserved 1110016K
  class space    used 8284K, capacity 9833K, committed 9896K, reserved 1048576K
}
Event: 101362.477 GC heap before
{Heap before GC invocations=3047 (full 70):
 PSYoungGen      total 18944K, used 17312K [0x000000076b000000, 0x000000076c480000, 0x00000007c0000000)
  eden space 16896K, 100% used [0x000000076b000000,0x000000076c080000,0x000000076c080000)
  from space 2048K, 20% used [0x000000076c280000,0x000000076c2e8000,0x000000076c480000)
  to   space 2048K, 0% used [0x000000076c080000,0x000000076c080000,0x000000076c280000)
 ParOldGen       total 181248K, used 60830K [0x00000006c1000000, 0x00000006cc100000, 0x000000076b000000)
  object space 181248K, 33% used [0x00000006c1000000,0x00000006c4b67a00,0x00000006cc100000)
 Metaspace       used 63193K, capacity 70214K, committed 70312K, reserved 1110016K
  class space    used 8284K, capacity 9833K, committed 9896K, reserved 1048576K
Event: 101362.480 GC heap after
Heap after GC invocations=3047 (full 70):
 PSYoungGen      total 18944K, used 1088K [0x000000076b000000, 0x000000076c480000, 0x00000007c0000000)
  eden space 16896K, 0% used [0x000000076b000000,0x000000076b000000,0x000000076c080000)
  from space 2048K, 53% used [0x000000076c080000,0x000000076c190000,0x000000076c280000)
  to   space 2048K, 0% used [0x000000076c280000,0x000000076c280000,0x000000076c480000)
 ParOldGen       total 181248K, used 60830K [0x00000006c1000000, 0x00000006cc100000, 0x000000076b000000)
  object space 181248K, 33% used [0x00000006c1000000,0x00000006c4b67a00,0x00000006cc100000)
 Metaspace       used 63193K, capacity 70214K, committed 70312K, reserved 1110016K
  class space    used 8284K, capacity 9833K, committed 9896K, reserved 1048576K
}
Event: 148197.731 GC heap before
{Heap before GC invocations=3048 (full 70):
 PSYoungGen      total 18944K, used 17984K [0x000000076b000000, 0x000000076c480000, 0x00000007c0000000)
  eden space 16896K, 100% used [0x000000076b000000,0x000000076c080000,0x000000076c080000)
  from space 2048K, 53% used [0x000000076c080000,0x000000076c190000,0x000000076c280000)
  to   space 2048K, 0% used [0x000000076c280000,0x000000076c280000,0x000000076c480000)
 ParOldGen       total 181248K, used 60830K [0x00000006c1000000, 0x00000006cc100000, 0x000000076b000000)
  object space 181248K, 33% used [0x00000006c1000000,0x00000006c4b67a00,0x00000006cc100000)
 Metaspace       used 63193K, capacity 70214K, committed 70312K, reserved 1110016K
  class space    used 8284K, capacity 9833K, committed 9896K, reserved 1048576K
Event: 148197.734 GC heap after
Heap after GC invocations=3048 (full 70):
 PSYoungGen      total 18944K, used 1088K [0x000000076b000000, 0x000000076c480000, 0x00000007c0000000)
  eden space 16896K, 0% used [0x000000076b000000,0x000000076b000000,0x000000076c080000)
  from space 2048K, 53% used [0x000000076c280000,0x000000076c390000,0x000000076c480000)
  to   space 2048K, 0% used [0x000000076c080000,0x000000076c080000,0x000000076c280000)
 ParOldGen       total 181248K, used 60830K [0x00000006c1000000, 0x00000006cc100000, 0x000000076b000000)
  object space 181248K, 33% used [0x00000006c1000000,0x00000006c4b67a00,0x00000006cc100000)
 Metaspace       used 63193K, capacity 70214K, committed 70312K, reserved 1110016K
  class space    used 8284K, capacity 9833K, committed 9896K, reserved 1048576K
}

